Build started 9/3/2012 12:17:20 PM.
     1>Project "C:\Postdocwork\Courses\My\CS452-Computer Graphics\Assignments\2012\CS452Assign1\CS452Assign1\CS452Assign1.vcxproj" on node 2 (build target(s)).
     1>InitializeBuildStatus:
         Creating "Debug\CS452Assign1.unsuccessfulbuild" because "AlwaysCreate" was specified.
       ClCompile:
         All outputs are up-to-date.
         All outputs are up-to-date.
       ResourceCompile:
         All outputs are up-to-date.
       ManifestResourceCompile:
         All outputs are up-to-date.
       Link:
         All outputs are up-to-date.
       Manifest:
         All outputs are up-to-date.
       FinalizeBuildStatus:
         Deleting file "Debug\CS452Assign1.unsuccessfulbuild".
         Touching "Debug\CS452Assign1.lastbuildstate".
     1>Done Building Project "C:\Postdocwork\Courses\My\CS452-Computer Graphics\Assignments\2012\CS452Assign1\CS452Assign1\CS452Assign1.vcxproj" (build target(s)).

Build succeeded.

Time Elapsed 00:00:00.03
